2024-03-09T17:09:38.796Z [ERROR] Failed to generate OTP
2024-03-09T17:09:38.797Z [ERROR] Failed to generate OTP
2024-03-09T17:14:53.081Z [ERROR] Failed to generate OTP
2024-03-09T17:14:53.081Z [ERROR] Failed to generate OTP
2024-03-09T17:17:11.809Z [ERROR] Failed to generate OTP
2024-03-09T17:17:11.810Z [ERROR] Failed to generate OTP
2024-03-09T17:19:17.434Z [ERROR] Failed to generate OTP
2024-03-09T17:19:17.434Z [ERROR] Failed to generate OTP
2024-03-09T17:22:24.012Z [ERROR] Failed to generate OTP
2024-03-09T17:22:24.012Z [ERROR] Failed to generate OTP
2024-03-09T17:26:13.704Z [ERROR] Failed to generate OTP
2024-03-09T17:26:13.704Z [ERROR] Failed to generate OTP
2024-03-09T17:26:52.373Z [ERROR] Failed to generate OTP
2024-03-09T17:26:52.373Z [ERROR] Failed to generate OTP
2024-03-09T17:29:28.526Z [ERROR] Failed to generate OTP
2024-03-09T17:29:28.527Z [ERROR] Failed to generate OTP
2024-03-09T17:31:01.010Z [ERROR] Failed to generate OTP
2024-03-09T17:31:01.010Z [ERROR] Failed to generate OTP
2024-03-09T17:32:36.826Z [ERROR] Failed to generate OTP
2024-03-09T17:32:36.826Z [ERROR] Failed to generate OTP
2024-03-09T17:33:30.310Z [ERROR] Failed to generate OTP
2024-03-09T17:33:30.310Z [ERROR] Failed to generate OTP
2024-03-09T17:36:00.365Z [ERROR] Failed to generate OTP
2024-03-09T17:36:00.365Z [ERROR] Failed to generate OTP
2024-03-09T17:37:48.278Z [ERROR] Failed to generate OTP
2024-03-09T17:37:48.278Z [ERROR] Failed to generate OTP
2024-03-09T17:38:26.624Z [ERROR] Failed to generate OTP
2024-03-09T17:38:26.624Z [ERROR] Failed to generate OTP
2024-03-09T17:38:37.021Z [ERROR] Failed to generate OTP
2024-03-09T17:38:37.021Z [ERROR] Failed to generate OTP
2024-03-09T17:39:16.087Z [ERROR] Failed to generate OTP
2024-03-09T17:39:16.087Z [ERROR] Failed to generate OTP
2024-03-09T17:40:24.937Z [ERROR] Failed to generate OTP
2024-03-09T17:40:24.937Z [ERROR] Failed to generate OTP
2024-03-09T17:41:16.952Z [ERROR] Failed to generate OTP
2024-03-09T17:41:16.952Z [ERROR] Failed to generate OTP
2024-03-09T17:44:41.298Z [ERROR] Failed to generate OTP
2024-03-09T17:44:41.299Z [ERROR] Failed to generate OTP
2024-03-09T17:48:49.330Z [ERROR] Failed to generate OTP
2024-03-09T17:48:49.331Z [ERROR] Failed to generate OTP
2024-03-09T17:50:05.534Z [ERROR] Failed to generate OTP
2024-03-09T17:50:05.534Z [ERROR] Failed to generate OTP
2024-03-09T17:51:11.085Z [ERROR] Failed to generate OTP
2024-03-09T17:51:11.085Z [ERROR] Failed to generate OTP
2024-03-09T17:51:46.427Z [ERROR] Failed to generate OTP
2024-03-09T17:51:46.427Z [ERROR] Failed to generate OTP
2024-03-09T17:53:13.035Z [ERROR] Failed to generate OTP
2024-03-09T17:53:13.036Z [ERROR] Failed to generate OTP
2024-03-09T17:53:19.492Z [ERROR] Failed to generate OTP
2024-03-09T17:53:19.492Z [ERROR] Failed to generate OTP
2024-03-09T17:57:15.350Z [ERROR] Failed to generate OTP
2024-03-09T17:57:15.350Z [ERROR] Failed to generate OTP
2024-03-09T17:58:39.953Z [INFO] Generated OTP 753843 for kundan91700@gmail.com
2024-03-09T17:58:41.499Z [ERROR] Failed to send OTP to kundan91700@gmail.com
2024-03-09T17:58:41.499Z [ERROR] Failed to generate OTP
2024-03-09T18:00:04.866Z [INFO] OTP 753843 already exists for kundan91700@gmail.com
2024-03-09T18:00:06.409Z [ERROR] Failed to generate OTP
2024-03-09T18:00:06.409Z [ERROR] Failed to send OTP to kundan91700@gmail.com
2024-03-09T18:01:33.823Z [ERROR] Failed to generate OTP
2024-03-09T18:01:33.823Z [ERROR] Failed to generate OTP
2024-03-09T18:02:25.902Z [ERROR] Failed to generate OTP
2024-03-09T18:02:25.902Z [ERROR] Failed to generate OTP
2024-03-09T18:03:36.684Z [ERROR] Failed to generate OTP
2024-03-09T18:03:36.685Z [ERROR] Failed to generate OTP
2024-03-09T18:04:50.010Z [INFO] Generated OTP 377918 for kundan91700@gmail.com
2024-03-09T18:04:51.140Z [ERROR] Failed to send OTP to kundan91700@gmail.com
2024-03-09T18:04:51.140Z [ERROR] Failed to generate OTP
2024-03-09T18:13:14.076Z [INFO] Generated OTP 270581 for kundan91700@gmail.com
2024-03-09T18:13:15.947Z [ERROR] Failed to send OTP to kundan91700@gmail.com
2024-03-09T18:13:15.947Z [ERROR] Failed to generate OTP
2024-03-09T18:14:12.650Z [INFO] OTP 270581 already exists for kundan91700@gmail.com
2024-03-09T18:14:14.514Z [ERROR] Failed to send OTP to kundan91700@gmail.com
2024-03-09T18:14:14.514Z [ERROR] Failed to generate OTP
2024-03-09T18:14:52.833Z [INFO] OTP 270581 already exists for kundan91700@gmail.com
2024-03-09T18:14:54.585Z [ERROR] Failed to generate OTP
2024-03-09T18:14:54.585Z [ERROR] Failed to send OTP to kundan91700@gmail.com
2024-03-09T20:51:39.738Z [INFO] Generated OTP 190367 for kundan91700@gmail.com
2024-03-09T20:51:41.091Z [ERROR] Failed to send OTP to kundan91700@gmail.com
2024-03-09T20:51:41.091Z [ERROR] Failed to generate OTP
2024-03-09T20:53:48.868Z [INFO] Generated OTP 848982 for kundan91700@gmail.com
2024-03-09T20:53:50.321Z [ERROR] Failed to send OTP to kundan91700@gmail.com
2024-03-09T20:53:50.321Z [ERROR] Failed to generate OTP
2024-03-09T20:55:06.529Z [INFO] OTP 848982 already exists for kundan91700@gmail.com
2024-03-09T20:55:08.388Z [ERROR] Failed to send OTP to kundan91700@gmail.com
2024-03-09T20:55:08.388Z [ERROR] Failed to generate OTP
2024-03-09T20:56:18.645Z [INFO] Generated OTP 767241 for kundan91700@gmail.com
2024-03-09T20:56:19.789Z [ERROR] Failed to send OTP to kundan91700@gmail.com
2024-03-09T20:56:19.789Z [ERROR] Failed to generate OTP
2024-03-09T20:58:00.195Z [INFO] OTP 767241 already exists for kundan91700@gmail.com
2024-03-09T20:58:02.078Z [ERROR] Failed to send OTP to kundan91700@gmail.com
2024-03-09T20:58:02.078Z [ERROR] Failed to generate OTP
2024-03-09T20:59:08.472Z [INFO] Generated OTP 763939 for kundan91700@gmail.com
2024-03-09T20:59:08.474Z [ERROR] Failed to send OTP to kundan91700@gmail.com
2024-03-09T20:59:08.474Z [ERROR] Failed to generate OTP
2024-03-09T21:00:57.007Z [INFO] OTP 763939 already exists for kundan91700@gmail.com
2024-03-09T21:00:57.008Z [ERROR] Failed to send OTP to kundan91700@gmail.com
2024-03-09T21:00:57.009Z [ERROR] Failed to generate OTP
2024-03-09T21:02:50.333Z [INFO] Generated OTP 732562 for kundan91700@gmail.com
2024-03-09T21:02:51.655Z [ERROR] Failed to send OTP to kundan91700@gmail.com
2024-03-09T21:02:51.655Z [ERROR] Failed to generate OTP
2024-03-09T21:04:15.865Z [INFO] OTP 732562 already exists for kundan91700@gmail.com
2024-03-09T21:04:17.010Z [ERROR] Failed to send OTP to kundan91700@gmail.com
2024-03-09T21:04:17.010Z [ERROR] Failed to generate OTP
2024-03-09T21:04:39.084Z [INFO] OTP 732562 already exists for kundan91700@gmail.com
2024-03-09T21:04:40.723Z [ERROR] Failed to generate OTP
2024-03-09T21:04:40.723Z [ERROR] Failed to send OTP to kundan91700@gmail.com
2024-03-09T21:08:46.272Z [INFO] Generated OTP 535046 for kundan91700@gmail.com
2024-03-09T21:08:47.270Z [ERROR] Failed to send OTP to kundan91700@gmail.com
2024-03-09T21:08:47.270Z [ERROR] Failed to generate OTP
2024-03-09T21:10:25.831Z [INFO] OTP 535046 already exists for kundan91700@gmail.com
2024-03-09T21:10:26.954Z [ERROR] Failed to send OTP to kundan91700@gmail.com
2024-03-09T21:10:26.954Z [ERROR] Failed to generate OTP
2024-03-09T21:11:06.478Z [INFO] Generated OTP 262867 for kundan91700@gmail.com
2024-03-09T21:11:07.556Z [ERROR] Failed to send OTP to kundan91700@gmail.com
2024-03-09T21:11:07.556Z [ERROR] Failed to generate OTP
2024-03-09T21:13:20.106Z [INFO] Generated OTP 480351 for kundan91700@gmail.com
2024-03-09T21:13:21.941Z [ERROR] Failed to send OTP to kundan91700@gmail.com
2024-03-09T21:13:21.941Z [ERROR] Failed to generate OTP
2024-03-09T21:13:59.857Z [INFO] OTP 480351 already exists for kundan91700@gmail.com
2024-03-09T21:14:01.038Z [ERROR] Failed to generate OTP
2024-03-09T21:14:01.038Z [ERROR] Failed to send OTP to kundan91700@gmail.com
2024-03-09T21:41:53.424Z [INFO] Generated OTP 404658 for kundan91700@gmail.com
2024-03-09T21:41:56.464Z [INFO] Sent OTP to kundan91700@gmail.com
2024-03-09T21:46:37.903Z [INFO] Generated OTP 125060 for kundan91700@gmail.com
2024-03-09T21:46:40.670Z [INFO] Sent OTP to kundan91700@gmail.com
2024-03-09T21:47:37.182Z [INFO] OTP 125060 already exists for kundan91700@gmail.com
2024-03-09T21:47:39.979Z [INFO] Sent OTP to kundan91700@gmail.com
2024-03-09T22:12:22.730Z [INFO] Generated OTP 612311 for kundan91700@gmail.com
2024-03-09T22:12:25.571Z [INFO] Sent OTP to kundan91700@gmail.com
2024-03-09T22:12:55.388Z [ERROR] Failed to verify OTP
2024-03-09T22:13:41.990Z [INFO] OTP 612311 already exists for kundan91700@gmail.com
2024-03-09T22:13:45.413Z [INFO] Sent OTP to kundan91700@gmail.com
2024-03-09T22:14:30.680Z [ERROR] Failed to verify OTP
2024-03-09T22:18:20.041Z [INFO] Generated OTP 380733 for kundan91700@gmail.com
2024-03-09T22:18:23.430Z [INFO] Sent OTP to kundan91700@gmail.com
2024-03-09T22:18:43.316Z [ERROR] Failed to verify OTP
2024-03-09T22:20:20.225Z [INFO] Generated OTP 745456 for kundan91700@gmail.com
2024-03-09T22:20:23.912Z [INFO] Sent OTP to kundan91700@gmail.com
2024-03-09T22:20:46.527Z [ERROR] Failed to verify OTP
2024-03-09T22:25:13.404Z [INFO] Generated OTP 733972 for kundan91700@gmail.com
2024-03-09T22:25:19.091Z [INFO] Sent OTP to kundan91700@gmail.com
2024-03-09T22:25:46.837Z [INFO] Verified OTP 733972 for kundan91700@gmail.com
2024-03-09T22:34:22.077Z [INFO] Generated OTP 170035 for kundan91700@gmail.com
2024-03-09T22:34:24.632Z [INFO] Sent OTP to kundan91700@gmail.com
2024-03-09T22:34:51.307Z [INFO] Verified OTP 170035 for kundan91700@gmail.com
2024-03-09T22:35:01.711Z [INFO] Generated OTP 337726 for kundan91700@gmail.com
2024-03-09T22:35:04.333Z [INFO] Sent OTP to kundan91700@gmail.com
2024-03-09T22:35:27.782Z [ERROR] Failed to verify OTP
2024-03-10T10:01:18.736Z [INFO] Generated OTP 161758 for kundan91700@gmail.com
2024-03-10T10:01:22.421Z [INFO] Sent OTP to kundan91700@gmail.com
2024-03-10T10:02:03.281Z [INFO] Verified OTP 161758 for kundan91700@gmail.com
2024-03-10T10:02:05.805Z [ERROR] Failed to verify OTP
2024-03-10T10:02:11.676Z [ERROR] Failed to verify OTP
2024-03-10T10:02:18.025Z [ERROR] Failed to verify OTP
2024-03-10T10:02:20.484Z [ERROR] Failed to verify OTP
2024-03-10T10:02:53.576Z [ERROR] Failed to verify OTP
2024-03-10T10:03:08.102Z [ERROR] Failed to verify OTP
2024-03-10T10:03:15.065Z [ERROR] Failed to verify OTP
2024-03-10T10:03:22.335Z [INFO] Generated OTP 961222 for kundan91700@gmail.com
2024-03-10T10:03:25.512Z [INFO] Sent OTP to kundan91700@gmail.com
2024-03-10T10:03:38.925Z [ERROR] Failed to verify OTP
2024-03-10T10:04:06.574Z [ERROR] Failed to verify OTP
2024-03-10T10:07:41.826Z [INFO] Generated OTP 105035 for kundan91700@gmail.com
2024-03-10T10:07:45.410Z [INFO] Sent OTP to kundan91700@gmail.com
2024-03-10T10:08:07.631Z [INFO] Verified OTP 105035 for kundan91700@gmail.com
2024-03-10T10:08:35.283Z [ERROR] Failed to verify OTP
2024-03-10T10:08:43.267Z [ERROR] Failed to verify OTP
2024-03-10T10:09:20.646Z [INFO] Generated OTP 407223 for kundan91700@gmail.com
2024-03-10T10:09:24.133Z [INFO] Sent OTP to kundan91700@gmail.com
2024-03-10T10:09:44.199Z [INFO] Verified OTP 407223 for kundan91700@gmail.com
2024-03-10T10:11:43.908Z [INFO] Generated OTP 669929 for kundan91700@gmail.com
2024-03-10T10:11:47.595Z [INFO] Sent OTP to kundan91700@gmail.com
2024-03-10T10:12:11.864Z [INFO] Verified OTP 669929 for kundan91700@gmail.com
2024-03-10T10:12:53.439Z [INFO] Generated OTP 455622 for kundan91700@gmail.com
2024-03-10T10:12:56.225Z [INFO] Sent OTP to kundan91700@gmail.com
2024-03-10T10:13:12.188Z [INFO] Verified OTP 455622 for kundan91700@gmail.com
2024-03-10T10:13:43.824Z [INFO] Generated OTP 753042 for kundan91700@gmail.com
2024-03-10T10:13:46.691Z [INFO] Sent OTP to kundan91700@gmail.com
2024-03-10T10:14:58.681Z [INFO] Verified OTP 753042 for kundan91700@gmail.com
2024-03-10T10:15:28.584Z [ERROR] Failed to verify OTP
2024-03-10T10:15:58.177Z [INFO] Generated OTP 379360 for kundan91700@gmail.com
2024-03-10T10:16:03.603Z [INFO] Sent OTP to kundan91700@gmail.com
2024-03-10T10:16:46.409Z [ERROR] Failed to verify OTP
2024-03-10T10:17:14.466Z [INFO] Verified OTP 379360 for kundan91700@gmail.com
2024-03-10T10:18:03.109Z [INFO] Generated OTP 500441 for kundan91700@gmail.com
2024-03-10T10:18:07.307Z [INFO] Sent OTP to kundan91700@gmail.com
2024-03-10T10:18:16.930Z [ERROR] Failed to verify OTP
2024-03-10T10:21:45.427Z [INFO] Generated OTP 214420 for kundan91700@gmail.com
2024-03-10T10:21:48.408Z [INFO] Sent OTP to kundan91700@gmail.com
2024-03-10T10:22:10.517Z [ERROR] Failed to verify OTP
2024-03-10T10:22:33.250Z [INFO] Verified OTP 214420 for kundan91700@gmail.com
2024-03-10T10:22:35.707Z [ERROR] Failed to verify OTP
2024-03-10T10:22:36.077Z [ERROR] Failed to verify OTP
2024-03-10T10:22:36.423Z [ERROR] Failed to verify OTP
2024-03-10T10:22:36.625Z [ERROR] Failed to verify OTP
2024-03-10T10:22:37.035Z [ERROR] Failed to verify OTP
2024-03-10T10:22:37.344Z [ERROR] Failed to verify OTP
2024-03-10T10:22:37.651Z [ERROR] Failed to verify OTP
2024-03-10T10:22:56.188Z [ERROR] Failed to verify OTP
2024-03-10T10:23:00.697Z [ERROR] Failed to verify OTP
2024-03-10T10:25:34.401Z [INFO] Generated OTP 105693 for kundan91700@gmail.com
2024-03-10T10:25:38.293Z [INFO] Sent OTP to kundan91700@gmail.com
2024-03-10T10:26:33.898Z [INFO] Verified OTP 105693 for kundan91700@gmail.com
2024-03-10T10:26:48.541Z [ERROR] Failed to verify OTP
2024-03-10T10:26:55.402Z [ERROR] Failed to verify OTP
2024-03-10T10:26:57.246Z [ERROR] Failed to verify OTP
2024-03-10T10:26:59.293Z [ERROR] Failed to verify OTP
2024-03-10T10:27:03.287Z [ERROR] Failed to verify OTP
2024-03-10T10:27:25.921Z [ERROR] Failed to verify OTP
2024-03-10T10:27:42.612Z [INFO] Generated OTP 864681 for kundan91700@gmail.com
2024-03-10T10:27:45.581Z [INFO] Sent OTP to kundan91700@gmail.com
2024-03-10T10:28:02.784Z [INFO] Verified OTP 864681 for kundan91700@gmail.com
2024-03-10T10:28:14.150Z [ERROR] Failed to verify OTP
2024-03-10T10:28:32.686Z [ERROR] Failed to verify OTP
2024-03-10T10:32:03.536Z [INFO] Generated OTP 117502 for kundan91700@gmail.com
2024-03-10T10:32:06.913Z [INFO] Sent OTP to kundan91700@gmail.com
2024-03-10T10:32:55.661Z [INFO] Verified OTP 117502 for kundan91700@gmail.com
2024-03-10T10:33:20.554Z [INFO] Generated OTP 199539 for kundan91700@gmail.com
2024-03-10T10:33:24.025Z [INFO] Sent OTP to kundan91700@gmail.com
2024-03-10T10:34:03.453Z [ERROR] Failed to verify OTP
2024-03-10T10:34:24.548Z [INFO] OTP 199539 already exists for kundan91700@gmail.com
2024-03-10T10:34:27.621Z [INFO] Sent OTP to kundan91700@gmail.com
2024-03-10T10:34:43.185Z [ERROR] Failed to verify OTP
2024-03-10T10:34:49.944Z [INFO] OTP 199539 already exists for kundan91700@gmail.com
2024-03-10T10:34:53.541Z [INFO] Sent OTP to kundan91700@gmail.com
2024-03-10T10:35:13.598Z [INFO] Verified OTP 199539 for kundan91700@gmail.com
2024-03-10T10:35:27.014Z [INFO] Generated OTP 694650 for kundan91700@gmail.com
2024-03-10T10:35:29.779Z [INFO] Sent OTP to kundan91700@gmail.com
2024-03-10T10:35:57.427Z [ERROR] Failed to verify OTP
2024-03-10T10:36:25.998Z [INFO] OTP 694650 already exists for kundan91700@gmail.com
2024-03-10T10:36:29.686Z [INFO] Sent OTP to kundan91700@gmail.com
2024-03-10T10:36:40.130Z [ERROR] Failed to verify OTP
2024-03-10T10:39:42.717Z [INFO] Generated OTP 566923 for kundan91700@gmail.com
2024-03-10T10:39:46.301Z [INFO] Sent OTP to kundan91700@gmail.com
2024-03-10T10:40:15.793Z [ERROR] Failed to verify OTP
2024-03-10T10:40:26.648Z [INFO] Verified OTP 566923 for kundan91700@gmail.com
2024-03-10T10:49:54.634Z [INFO] Generated OTP 638075 for kundan91700@gmail.com
2024-03-10T10:49:57.704Z [INFO] Sent OTP to kundan91700@gmail.com
2024-03-10T10:50:08.764Z [ERROR] Failed to verify OTP
2024-03-10T10:50:20.652Z [INFO] Verified OTP 638075 for kundan91700@gmail.com
